  AmbientLight.cpp
  Bitmap.cpp
  Camera.cpp
  DirLight.cpp
  Framework.cpp
  Matrix.cpp
  MD2Loader.cpp
  Model.cpp
  PointLight.cpp
  Polygon3D.cpp
  Rasteriser.cpp
  Texture.cpp
  UVCoords.cpp
  Vector3D.cpp
  Vertex.cpp
  Generating code
  Previous IPDB not found, fall back to full compilation.
  All 604 functions were compiled because no usable IPDB/IOBJ from previous compilation was found.
  Finished generating code
  BaseFramework.vcxproj -> E:\Pulpit\Uni\Drive\OneDrive - University of Derby\Year 2\BaseFramework\x64\Release\BaseFramework.exe
